
Showing logs for build [32mmeta-cb-kubecd-environment-pr-5-qwqf6-1[0m stage [32mmeta-pipeline[0m and container [32mstep-credential-initializer-6hqgp[0m
{"level":"warn","ts":1568062147.0651495,"logger":"fallback-logger","caller":"logging/config.go:69","msg":"Fetch GitHub commit ID from kodata failed: \"ref: refs/heads/master\" is not a valid GitHub commit ID"}
{"level":"info","ts":1568062147.0657547,"logger":"fallback-logger","caller":"creds-init/main.go:40","msg":"Credentials initialized."}

Showing logs for build [32mmeta-cb-kubecd-environment-pr-5-qwqf6-1[0m stage [32mmeta-pipeline[0m and container [32mstep-working-dir-initializer-j6lwc[0m
{"level":"warn","ts":1568062150.3871377,"logger":"fallback-logger","caller":"logging/config.go:69","msg":"Fetch GitHub commit ID from kodata failed: open /var/run/ko/HEAD: no such file or directory"}
{"level":"info","ts":1568062150.38875,"logger":"fallback-logger","caller":"bash/main.go:65","msg":"Successfully executed command \"mkdir -p /workspace/source\""}

Showing logs for build [32mmeta-cb-kubecd-environment-pr-5-qwqf6-1[0m stage [32mmeta-pipeline[0m and container [32mstep-place-tools[0m

Showing logs for build [32mmeta-cb-kubecd-environment-pr-5-qwqf6-1[0m stage [32mmeta-pipeline[0m and container [32mstep-git-source-meta-cb-kubecd-environment-pr-5-n8z69[0m
{"level":"warn","ts":1568062308.6812534,"logger":"fallback-logger","caller":"logging/config.go:69","msg":"Fetch GitHub commit ID from kodata failed: \"ref: refs/heads/master\" is not a valid GitHub commit ID"}
{"level":"error","ts":1568062309.967967,"logger":"fallback-logger","caller":"git/git.go:35","msg":"Error running git [fetch --depth=1 --recurse-submodules=yes origin 51ca84563e4377902e428fe020a80e6ebce87a40]: exit status 128\nerror: Server does not allow request for unadvertised object 51ca84563e4377902e428fe020a80e6ebce87a40\n","stacktrace":"github.com/tektoncd/pipeline/pkg/git.run\n\t/workspace/go/src/github.com/tektoncd/pipeline/pkg/git/git.go:35\ngithub.com/tektoncd/pipeline/pkg/git.Fetch\n\t/workspace/go/src/github.com/tektoncd/pipeline/pkg/git/git.go:88\nmain.main\n\t/workspace/go/src/github.com/tektoncd/pipeline/cmd/git-init/main.go:36\nruntime.main\n\t/usr/local/go/src/runtime/proc.go:200"}
{"level":"error","ts":1568062310.7566676,"logger":"fallback-logger","caller":"git/git.go:35","msg":"Error running git [pull --recurse-submodules=yes origin]: exit status 1\nFrom https://github.com/cb-kubecd/environment-pr-5402-19-tekton-gkebdd-staging\n * [new branch]      gh-pages   -> origin/gh-pages\n * [new branch]      master     -> origin/master\nYou asked to pull from the remote 'origin', but did not specify\na branch. Because this is not the default configured remote\nfor your current branch, you must specify a branch on the command line.\n","stacktrace":"github.com/tektoncd/pipeline/pkg/git.run\n\t/workspace/go/src/github.com/tektoncd/pipeline/pkg/git/git.go:35\ngithub.com/tektoncd/pipeline/pkg/git.Fetch\n\t/workspace/go/src/github.com/tektoncd/pipeline/pkg/git/git.go:91\nmain.main\n\t/workspace/go/src/github.com/tektoncd/pipeline/cmd/git-init/main.go:36\nruntime.main\n\t/usr/local/go/src/runtime/proc.go:200"}
{"level":"warn","ts":1568062310.7567656,"logger":"fallback-logger","caller":"git/git.go:92","msg":"Failed to pull origin : exit status 1"}
{"level":"info","ts":1568062310.7603447,"logger":"fallback-logger","caller":"git/git.go:102","msg":"Successfully cloned https://github.com/cb-kubecd/environment-pr-5402-19-tekton-gkebdd-staging.git @ 51ca84563e4377902e428fe020a80e6ebce87a40 in path /workspace/source"}

Showing logs for build [32mmeta-cb-kubecd-environment-pr-5-qwqf6-1[0m stage [32mmeta-pipeline[0m and container [32mstep-git-merge[0m
Using SHAs from PULL_REFS=master:51ca84563e4377902e428fe020a80e6ebce87a40,2:2443bcb4f446cb1031b79d7474b0127486eca539
DEBUG: ran git fetch origin 2443bcb4f446cb1031b79d7474b0127486eca539: 51ca84563e4377902e428fe020a80e6ebce87a40: in 
DEBUG: Unshallowed git repo in 
DEBUG: ran git checkout master in 
DEBUG: ran git reset --hard 51ca84563e4377902e428fe020a80e6ebce87a40 in 
DEBUG: ran clean --force -d . in 
DEBUG: ran git merge 2443bcb4f446cb1031b79d7474b0127486eca539 in 
Merged SHA 2443bcb4f446cb1031b79d7474b0127486eca539 with commit message 'chore: Promote bdd-gh-1568061930 to version 0.0.1' into base branch master

Showing logs for build [32mmeta-cb-kubecd-environment-pr-5-qwqf6-1[0m stage [32mmeta-pipeline[0m and container [32mstep-merge-pull-refs[0m
DEBUG: ran git fetch origin 2443bcb4f446cb1031b79d7474b0127486eca539: 51ca84563e4377902e428fe020a80e6ebce87a40: in 
DEBUG: Unshallowed git repo in 
DEBUG: ran git checkout master in 
DEBUG: ran git reset --hard 51ca84563e4377902e428fe020a80e6ebce87a40 in 
DEBUG: ran clean --force -d . in 
DEBUG: ran git merge 2443bcb4f446cb1031b79d7474b0127486eca539 in 
Merged SHA 2443bcb4f446cb1031b79d7474b0127486eca539 with commit message 'chore: Promote bdd-gh-1568061930 to version 0.0.1' into base branch master

Showing logs for build [32mmeta-cb-kubecd-environment-pr-5-qwqf6-1[0m stage [32mmeta-pipeline[0m and container [32mstep-create-effective-pipeline[0m
Deleting and cloning the Jenkins X versions repo
Cloning the Jenkins X versions repo https://github.com/jenkins-x/jenkins-x-versions.git with ref refs/heads/master to /builder/home/.**/jenkins-x-versions
selected pack: /builder/home/.**/draft/packs/github.com/jenkins-x-buildpacks/jenkins-x-kubernetes/packs/environment
Effective pipeline written to jenkins-x-promotion-build-effective.yml

Showing logs for build [32mmeta-cb-kubecd-environment-pr-5-qwqf6-1[0m stage [32mmeta-pipeline[0m and container [32mstep-create-tekton-crds[0m
PipelineActivity for cb-kubecd-environment-pr-5402-19-tekton-gkebdd-staging-PR-2-1
Applying changes 
upserted PipelineResource cb-kubecd-environment-pr-5402-1 for the git repository https://github.com/cb-kubecd/environment-pr-5402-19-tekton-gkebdd-staging.git
upserted Task cb-kubecd-environment-pr-5402-1-wfl85-from-build-pack-1
upserted Pipeline cb-kubecd-environment-pr-5402-1-wfl85-1
created PipelineRun cb-kubecd-environment-pr-5402-1-wfl85-1
created PipelineStructure cb-kubecd-environment-pr-5402-1-wfl85-1

waiting for stage [32mfrom-build-pack[0m : container [32mstep-credential-initializer-k6pv8[0m to start...


Showing logs for build [32mmeta-cb-kubecd-environment-pr-5-qwqf6-1[0m stage [32mfrom-build-pack[0m and container [32mstep-credential-initializer-k6pv8[0m
{"level":"warn","ts":1568062329.1600344,"logger":"fallback-logger","caller":"logging/config.go:69","msg":"Fetch GitHub commit ID from kodata failed: \"ref: refs/heads/master\" is not a valid GitHub commit ID"}
{"level":"info","ts":1568062329.1609545,"logger":"fallback-logger","caller":"creds-init/main.go:40","msg":"Credentials initialized."}

waiting for stage [32mfrom-build-pack[0m : container [32mstep-working-dir-initializer-5wxgq[0m to start...


Showing logs for build [32mmeta-cb-kubecd-environment-pr-5-qwqf6-1[0m stage [32mfrom-build-pack[0m and container [32mstep-working-dir-initializer-5wxgq[0m
{"level":"warn","ts":1568062330.3333538,"logger":"fallback-logger","caller":"logging/config.go:69","msg":"Fetch GitHub commit ID from kodata failed: open /var/run/ko/HEAD: no such file or directory"}
{"level":"info","ts":1568062330.4157784,"logger":"fallback-logger","caller":"bash/main.go:65","msg":"Successfully executed command \"mkdir -p /workspace/source /workspace/source/env\""}

waiting for stage [32mfrom-build-pack[0m : container [32mstep-place-tools[0m to start...


Showing logs for build [32mmeta-cb-kubecd-environment-pr-5-qwqf6-1[0m stage [32mfrom-build-pack[0m and container [32mstep-place-tools[0m

waiting for stage [32mfrom-build-pack[0m : container [32mstep-git-source-cb-kubecd-environment-pr-5402-1-m6qcg[0m to start...


Showing logs for build [32mmeta-cb-kubecd-environment-pr-5-qwqf6-1[0m stage [32mfrom-build-pack[0m and container [32mstep-git-source-cb-kubecd-environment-pr-5402-1-m6qcg[0m
{"level":"warn","ts":1568062463.5610757,"logger":"fallback-logger","caller":"logging/config.go:69","msg":"Fetch GitHub commit ID from kodata failed: \"ref: refs/heads/master\" is not a valid GitHub commit ID"}
{"level":"info","ts":1568062465.4451118,"logger":"fallback-logger","caller":"git/git.go:102","msg":"Successfully cloned https://github.com/cb-kubecd/environment-pr-5402-19-tekton-gkebdd-staging.git @ master in path /workspace/source"}

waiting for stage [32mfrom-build-pack[0m : container [32mstep-git-merge[0m to start...


Showing logs for build [32mmeta-cb-kubecd-environment-pr-5-qwqf6-1[0m stage [32mfrom-build-pack[0m and container [32mstep-git-merge[0m
Using SHAs from PULL_REFS=master:51ca84563e4377902e428fe020a80e6ebce87a40,2:2443bcb4f446cb1031b79d7474b0127486eca539
DEBUG: ran git fetch origin 2443bcb4f446cb1031b79d7474b0127486eca539: 51ca84563e4377902e428fe020a80e6ebce87a40: in 
DEBUG: Unshallowed git repo in 
DEBUG: ran git checkout master in 
DEBUG: ran git reset --hard 51ca84563e4377902e428fe020a80e6ebce87a40 in 
DEBUG: ran clean --force -d . in 
DEBUG: ran git merge 2443bcb4f446cb1031b79d7474b0127486eca539 in 
Merged SHA 2443bcb4f446cb1031b79d7474b0127486eca539 with commit message 'chore: Promote bdd-gh-1568061930 to version 0.0.1' into base branch master

waiting for stage [32mfrom-build-pack[0m : container [32mstep-build-helm-build[0m to start...


Showing logs for build [32mmeta-cb-kubecd-environment-pr-5-qwqf6-1[0m stage [32mfrom-build-pack[0m and container [32mstep-build-helm-build[0m
WARNING: No $CHART_REPOSITORY defined so using the default value of: http://jenkins-x-chartmuseum:8080
Adding missing Helm repo: storage.googleapis.com https://storage.googleapis.com/chartmuseum.jenkins-x.io
Successfully added Helm repository storage.googleapis.com.
Adding missing Helm repo: jenkins-x-chartmuseum http://jenkins-x-chartmuseum:8080
Successfully added Helm repository jenkins-x-chartmuseum.
WARNING: No $CHART_REPOSITORY defined so using the default value of: http://jenkins-x-chartmuseum:8080
Adding missing Helm repo: chartmuseum.jenkins-x.io http://chartmuseum.jenkins-x.io
Successfully added Helm repository chartmuseum.jenkins-x.io.
