
Showing logs for build [32mmeta-cb-kubecd-environment-pr-5-jmd68-1[0m stage [32mmeta-pipeline[0m and container [32mstep-credential-initializer-8drqv[0m
{"level":"warn","ts":1568062897.9079008,"logger":"fallback-logger","caller":"logging/config.go:69","msg":"Fetch GitHub commit ID from kodata failed: \"ref: refs/heads/master\" is not a valid GitHub commit ID"}
{"level":"info","ts":1568062897.908529,"logger":"fallback-logger","caller":"creds-init/main.go:40","msg":"Credentials initialized."}

Showing logs for build [32mmeta-cb-kubecd-environment-pr-5-jmd68-1[0m stage [32mmeta-pipeline[0m and container [32mstep-working-dir-initializer-wcljr[0m
{"level":"warn","ts":1568062898.3560593,"logger":"fallback-logger","caller":"logging/config.go:69","msg":"Fetch GitHub commit ID from kodata failed: open /var/run/ko/HEAD: no such file or directory"}
{"level":"info","ts":1568062898.358352,"logger":"fallback-logger","caller":"bash/main.go:65","msg":"Successfully executed command \"mkdir -p /workspace/source\""}

Showing logs for build [32mmeta-cb-kubecd-environment-pr-5-jmd68-1[0m stage [32mmeta-pipeline[0m and container [32mstep-place-tools[0m

Showing logs for build [32mmeta-cb-kubecd-environment-pr-5-jmd68-1[0m stage [32mmeta-pipeline[0m and container [32mstep-git-source-meta-cb-kubecd-environment-pr-5-n7sqz[0m
{"level":"warn","ts":1568062904.4284751,"logger":"fallback-logger","caller":"logging/config.go:69","msg":"Fetch GitHub commit ID from kodata failed: \"ref: refs/heads/master\" is not a valid GitHub commit ID"}
{"level":"info","ts":1568062905.5667055,"logger":"fallback-logger","caller":"git/git.go:102","msg":"Successfully cloned https://github.com/cb-kubecd/environment-pr-5402-19-tekton-gkebdd-staging.git @ f255668dc93a0f40e3a47db79f8705e9e36b4805 in path /workspace/source"}

Showing logs for build [32mmeta-cb-kubecd-environment-pr-5-jmd68-1[0m stage [32mmeta-pipeline[0m and container [32mstep-git-merge[0m
Using SHAs from PULL_REFS=master:f255668dc93a0f40e3a47db79f8705e9e36b4805,3:8a2f607bb09c772e963bd11311b44a083322c995
DEBUG: ran git fetch --unshallow origin 8a2f607bb09c772e963bd11311b44a083322c995: f255668dc93a0f40e3a47db79f8705e9e36b4805: in 
DEBUG: ran git checkout master in 
DEBUG: ran git reset --hard f255668dc93a0f40e3a47db79f8705e9e36b4805 in 
DEBUG: ran clean --force -d . in 
DEBUG: ran git merge 8a2f607bb09c772e963bd11311b44a083322c995 in 
Merged SHA 8a2f607bb09c772e963bd11311b44a083322c995 with commit message 'chore: Promote bdd-ghf**y-import-1568062770 to version 0.0.1' into base branch master

Showing logs for build [32mmeta-cb-kubecd-environment-pr-5-jmd68-1[0m stage [32mmeta-pipeline[0m and container [32mstep-merge-pull-refs[0m
DEBUG: ran git fetch origin 8a2f607bb09c772e963bd11311b44a083322c995: f255668dc93a0f40e3a47db79f8705e9e36b4805: in 
DEBUG: Unshallowed git repo in 
DEBUG: ran git checkout master in 
DEBUG: ran git reset --hard f255668dc93a0f40e3a47db79f8705e9e36b4805 in 
DEBUG: ran clean --force -d . in 
DEBUG: ran git merge 8a2f607bb09c772e963bd11311b44a083322c995 in 
Merged SHA 8a2f607bb09c772e963bd11311b44a083322c995 with commit message 'chore: Promote bdd-ghf**y-import-1568062770 to version 0.0.1' into base branch master

Showing logs for build [32mmeta-cb-kubecd-environment-pr-5-jmd68-1[0m stage [32mmeta-pipeline[0m and container [32mstep-create-effective-pipeline[0m
Deleting and cloning the Jenkins X versions repo
Cloning the Jenkins X versions repo https://github.com/jenkins-x/jenkins-x-versions.git with ref refs/heads/master to /builder/home/.**/jenkins-x-versions
selected pack: /builder/home/.**/draft/packs/github.com/jenkins-x-buildpacks/jenkins-x-kubernetes/packs/environment
Effective pipeline written to jenkins-x-promotion-build-effective.yml

Showing logs for build [32mmeta-cb-kubecd-environment-pr-5-jmd68-1[0m stage [32mmeta-pipeline[0m and container [32mstep-create-tekton-crds[0m
PipelineActivity for cb-kubecd-environment-pr-5402-19-tekton-gkebdd-staging-PR-3-1
Applying changes 
upserted PipelineResource cb-kubecd-environment-pr-5402-1 for the git repository https://github.com/cb-kubecd/environment-pr-5402-19-tekton-gkebdd-staging.git
upserted Task cb-kubecd-environment-pr-5402-1-7wh9c-from-build-pack-1
upserted Pipeline cb-kubecd-environment-pr-5402-1-7wh9c-1
created PipelineRun cb-kubecd-environment-pr-5402-1-7wh9c-1
created PipelineStructure cb-kubecd-environment-pr-5402-1-7wh9c-1

Showing logs for build [32mmeta-cb-kubecd-environment-pr-5-jmd68-1[0m stage [32mfrom-build-pack[0m and container [32mstep-credential-initializer-h7hzz[0m
{"level":"warn","ts":1568062919.1981032,"logger":"fallback-logger","caller":"logging/config.go:69","msg":"Fetch GitHub commit ID from kodata failed: \"ref: refs/heads/master\" is not a valid GitHub commit ID"}
{"level":"info","ts":1568062919.1989264,"logger":"fallback-logger","caller":"creds-init/main.go:40","msg":"Credentials initialized."}

Showing logs for build [32mmeta-cb-kubecd-environment-pr-5-jmd68-1[0m stage [32mfrom-build-pack[0m and container [32mstep-working-dir-initializer-wxptt[0m
{"level":"warn","ts":1568062919.6691546,"logger":"fallback-logger","caller":"logging/config.go:69","msg":"Fetch GitHub commit ID from kodata failed: open /var/run/ko/HEAD: no such file or directory"}
{"level":"info","ts":1568062919.673532,"logger":"fallback-logger","caller":"bash/main.go:65","msg":"Successfully executed command \"mkdir -p /workspace/source /workspace/source/env\""}

Showing logs for build [32mmeta-cb-kubecd-environment-pr-5-jmd68-1[0m stage [32mfrom-build-pack[0m and container [32mstep-place-tools[0m

Showing logs for build [32mmeta-cb-kubecd-environment-pr-5-jmd68-1[0m stage [32mfrom-build-pack[0m and container [32mstep-git-source-cb-kubecd-environment-pr-5402-1-ddnvt[0m
{"level":"warn","ts":1568062925.7401817,"logger":"fallback-logger","caller":"logging/config.go:69","msg":"Fetch GitHub commit ID from kodata failed: \"ref: refs/heads/master\" is not a valid GitHub commit ID"}
{"level":"info","ts":1568062926.8199723,"logger":"fallback-logger","caller":"git/git.go:102","msg":"Successfully cloned https://github.com/cb-kubecd/environment-pr-5402-19-tekton-gkebdd-staging.git @ master in path /workspace/source"}

Showing logs for build [32mmeta-cb-kubecd-environment-pr-5-jmd68-1[0m stage [32mfrom-build-pack[0m and container [32mstep-git-merge[0m
Using SHAs from PULL_REFS=master:f255668dc93a0f40e3a47db79f8705e9e36b4805,3:8a2f607bb09c772e963bd11311b44a083322c995
DEBUG: ran git fetch origin 8a2f607bb09c772e963bd11311b44a083322c995: f255668dc93a0f40e3a47db79f8705e9e36b4805: in 
DEBUG: Unshallowed git repo in 
DEBUG: ran git checkout master in 
DEBUG: ran git reset --hard f255668dc93a0f40e3a47db79f8705e9e36b4805 in 
DEBUG: ran clean --force -d . in 
DEBUG: ran git merge 8a2f607bb09c772e963bd11311b44a083322c995 in 
Merged SHA 8a2f607bb09c772e963bd11311b44a083322c995 with commit message 'chore: Promote bdd-ghf**y-import-1568062770 to version 0.0.1' into base branch master

Showing logs for build [32mmeta-cb-kubecd-environment-pr-5-jmd68-1[0m stage [32mfrom-build-pack[0m and container [32mstep-build-helm-build[0m
WARNING: No $CHART_REPOSITORY defined so using the default value of: http://jenkins-x-chartmuseum:8080
Adding missing Helm repo: storage.googleapis.com https://storage.googleapis.com/chartmuseum.jenkins-x.io
Successfully added Helm repository storage.googleapis.com.
Adding missing Helm repo: jenkins-x-chartmuseum http://jenkins-x-chartmuseum:8080
Successfully added Helm repository jenkins-x-chartmuseum.
WARNING: No $CHART_REPOSITORY defined so using the default value of: http://jenkins-x-chartmuseum:8080
Adding missing Helm repo: chartmuseum.jenkins-x.io http://chartmuseum.jenkins-x.io
Successfully added Helm repository chartmuseum.jenkins-x.io.
